<?xml version="1.0" encoding="UTF-8"?>
<testsuites name="Cogmento" time="1114.692" tests="5" failures="1" errors="0">
   <testsuite name="Cogmento" tests="5" failures="1" errors="0" time="1114.692" skipped="0" timestamp="19-03-2024T13:45:53" hostname="Edy - LAPTOP-CABQET3K" id="Test Suites/CogmentoCRMWeb/Cogmento">
      <properties>
         <property name="deviceName" value=""/>
         <property name="devicePlatform" value=""/>
         <property name="logFolder" value="C:\\Users\\Edy\\Katalon Studio\\CogmentoWeb\\Reports\\20240319_134538\\CogmentoCRMWeb\\Cogmento\\20240319_134538"/>
         <property name="logFiles" value="C:\\Users\\Edy\\Katalon Studio\\CogmentoWeb\\Reports\\20240319_134538\\CogmentoCRMWeb\\Cogmento\\20240319_134538\\execution0.log"/>
         <property name="attachments" value="C:\\Users\\Edy\\Katalon Studio\\CogmentoWeb\\Reports\\20240319_134538\\CogmentoCRMWeb\\Cogmento\\20240319_134538\\1710830953886.png, C:\\Users\\Edy\\Katalon Studio\\CogmentoWeb\\Reports\\20240319_134538\\CogmentoCRMWeb\\Cogmento\\20240319_134538\\1710831208519.png, C:\\Users\\Edy\\Katalon Studio\\CogmentoWeb\\Reports\\20240319_134538\\CogmentoCRMWeb\\Cogmento\\20240319_134538\\1710831547333.png, C:\\Users\\Edy\\Katalon Studio\\CogmentoWeb\\Reports\\20240319_134538\\CogmentoCRMWeb\\Cogmento\\20240319_134538\\1710831867130.png"/>
         <property name="hostName" value="Edy - LAPTOP-CABQET3K"/>
         <property name="os" value="Windows 11 64bit"/>
         <property name="katalonVersion" value="9.3.1.212"/>
         <property name="browser" value="Chrome 122.0.0.0"/>
         <property name="hostAddress" value="192.168.43.203"/>
         <property name="sessionId" value="345a4c7b6ea695a8032c714df97b7203"/>
         <property name="seleniumVersion" value="3.141.59"/>
         <property name="proxyInformation" value="ProxyInformation { proxyOption=NO_PROXY, proxyServerType=HTTP, username=, password=********, proxyServerAddress=, proxyServerPort=0, executionList=&quot;&quot;, isApplyToDesiredCapabilities=true }"/>
         <property name="platform" value="Windows 11"/>
      </properties>
      <testcase name="Test Cases/Login/TC002 - Login Invalid" time="200.568" classname="Test Cases/Login/TC002 - Login Invalid" status="PASSED">
         <system-out><![CDATA[19-03-2024T13:45:54 - [TEST_CASE][PASSED] - Test Cases/Login/TC002 - Login Invalid: Test Cases/Login/TC002 - Login Invalid

19-03-2024T13:45:55 - [TEST_STEP][PASSED] - openBrowser(""): Browser is opened with url: ''

19-03-2024T13:45:56 - [MESSAGE][INFO] - Starting 'Chrome' driver

19-03-2024T13:45:56 - [MESSAGE][INFO] - Action delay is set to 0 milliseconds

19-03-2024T13:46:03 - [MESSAGE][PASSED] - Browser is opened with url: ''

19-03-2024T13:46:03 - [TEST_STEP][PASSED] - navigateToUrl("https://ui.cogmento.com/"): Navigate to 'https://ui.cogmento.com/' successfully

19-03-2024T13:46:10 - [MESSAGE][PASSED] - Navigate to 'https://ui.cogmento.com/' successfully

19-03-2024T13:46:10 - [TEST_STEP][PASSED] - setText(findTestObject("Object Repository/Login/Page_Cogmento CRM/input_Login_email"), "frutaman21@gmail.com"): Text 'frutaman21@gmail.com' is set on object 'Object Repository/Login/Page_Cogmento CRM/input_Login_email'

19-03-2024T13:47:11 - [MESSAGE][PASSED] - Text 'frutaman21@gmail.com' is set on object 'Object Repository/Login/Page_Cogmento CRM/input_Login_email'

19-03-2024T13:47:11 - [TEST_STEP][PASSED] - setEncryptedText(findTestObject("Object Repository/Login/Page_Cogmento CRM/input_Login_password"), "DRYm5FX+MaR6xMvfjTooZA=="): Text ****** has been set on object 'Object Repository/Login/Page_Cogmento CRM/input_Login_password'

19-03-2024T13:47:42 - [MESSAGE][PASSED] - Text ****** has been set on object 'Object Repository/Login/Page_Cogmento CRM/input_Login_password'

19-03-2024T13:47:42 - [TEST_STEP][PASSED] - click(findTestObject("Object Repository/Login/Page_Cogmento CRM/div_Login")): Object: 'Object Repository/Login/Page_Cogmento CRM/div_Login' is clicked on

19-03-2024T13:48:13 - [MESSAGE][PASSED] - Object: 'Object Repository/Login/Page_Cogmento CRM/div_Login' is clicked on

19-03-2024T13:48:13 - [TEST_STEP][PASSED] - verifyElementText(findTestObject("Login_notification/Page_Cogmento CRM/p_Invalid login"), "Invalid login"): Actual text and expected text of test object 'Object Repository/Login_notification/Page_Cogmento CRM/p_Invalid login' are matched.

19-03-2024T13:48:43 - [MESSAGE][PASSED] - Actual text and expected text of test object 'Object Repository/Login_notification/Page_Cogmento CRM/p_Invalid login' are matched.

19-03-2024T13:48:43 - [TEST_STEP][PASSED] - takeScreenshot(): Taking screenshot successfully

19-03-2024T13:49:14 - [MESSAGE][PASSED] - Taking screenshot successfully
[[ATTACHMENT|C:\\Users\\Edy\\Katalon Studio\\CogmentoWeb\\Reports\\20240319_134538\\CogmentoCRMWeb\\Cogmento\\20240319_134538\\1710830953886.png]]

19-03-2024T13:49:14 - [TEST_STEP][PASSED] - closeBrowser(): Browser is closed

19-03-2024T13:49:15 - [MESSAGE][PASSED] - Browser is closed]]></system-out>
         <system-err><![CDATA[]]></system-err>
      </testcase>
      <testcase name="Test Cases/Login/TC001 - Login Valid" time="171.866" classname="Test Cases/Login/TC001 - Login Valid" status="PASSED">
         <system-out><![CDATA[19-03-2024T13:49:15 - [TEST_CASE][PASSED] - Test Cases/Login/TC001 - Login Valid: Test Cases/Login/TC001 - Login Valid

19-03-2024T13:49:15 - [TEST_STEP][PASSED] - openBrowser(""): Browser is opened with url: ''

19-03-2024T13:49:15 - [MESSAGE][INFO] - Starting 'Chrome' driver

19-03-2024T13:49:15 - [MESSAGE][INFO] - Action delay is set to 0 milliseconds

19-03-2024T13:49:18 - [MESSAGE][PASSED] - Browser is opened with url: ''

19-03-2024T13:49:18 - [TEST_STEP][PASSED] - navigateToUrl("https://ui.cogmento.com/"): Navigate to 'https://ui.cogmento.com/' successfully

19-03-2024T13:49:25 - [MESSAGE][PASSED] - Navigate to 'https://ui.cogmento.com/' successfully

19-03-2024T13:49:25 - [TEST_STEP][PASSED] - setText(findTestObject("Object Repository/Login/Page_Cogmento CRM/input_Login_email"), "frutaman21@gmail.com"): Text 'frutaman21@gmail.com' is set on object 'Object Repository/Login/Page_Cogmento CRM/input_Login_email'

19-03-2024T13:50:26 - [MESSAGE][PASSED] - Text 'frutaman21@gmail.com' is set on object 'Object Repository/Login/Page_Cogmento CRM/input_Login_email'

19-03-2024T13:50:26 - [TEST_STEP][PASSED] - setEncryptedText(findTestObject("Object Repository/Login/Page_Cogmento CRM/input_Login_password"), "A7XJPV0S6sHhhsKzpg571w=="): Text ****** has been set on object 'Object Repository/Login/Page_Cogmento CRM/input_Login_password'

19-03-2024T13:50:56 - [MESSAGE][PASSED] - Text ****** has been set on object 'Object Repository/Login/Page_Cogmento CRM/input_Login_password'

19-03-2024T13:50:56 - [TEST_STEP][PASSED] - click(findTestObject("Object Repository/Login/Page_Cogmento CRM/div_Login")): Object: 'Object Repository/Login/Page_Cogmento CRM/div_Login' is clicked on

19-03-2024T13:51:27 - [MESSAGE][PASSED] - Object: 'Object Repository/Login/Page_Cogmento CRM/div_Login' is clicked on

19-03-2024T13:51:27 - [TEST_STEP][PASSED] - verifyElementVisible(findTestObject("Object Repository/Login/Page_Cogmento CRM/b_Recto Studies Library and Archive")): Object 'Object Repository/Login/Page_Cogmento CRM/b_Recto Studies Library and Archive' is visible

19-03-2024T13:51:58 - [MESSAGE][PASSED] - Object 'Object Repository/Login/Page_Cogmento CRM/b_Recto Studies Library and Archive' is visible

19-03-2024T13:51:58 - [TEST_STEP][PASSED] - closeBrowser(): Browser is closed

19-03-2024T13:52:07 - [MESSAGE][PASSED] - Browser is closed]]></system-out>
         <system-err><![CDATA[]]></system-err>
      </testcase>
      <testcase name="Test Cases/Search/TC005 - Add New Contact" time="82.865" classname="Test Cases/Search/TC005 - Add New Contact" status="FAILED">
         <failure type="FAILED" message="Test Cases/Search/TC005 - Add New Contact FAILED.&#xa;Reason:&#xa;com.kms.katalon.core.exception.StepFailedException: Unable to click on object 'Object Repository/Add Contact/Page_Cogmento CRM/span_Add BukaLapak'&#xa;	at com.kms.katalon.core.webui.keyword.internal.WebUIKeywordMain.stepFailed(WebUIKeywordMain.groovy:64)&#xa;	at com.kms.katalon.core.webui.keyword.internal.WebUIKeywordMain.runKeyword(WebUIKeywordMain.groovy:26)&#xa;	at com.kms.katalon.core.webui.keyword.builtin.ClickKeyword.click(ClickKeyword.groovy:74)&#xa;	at com.kms.katalon.core.webui.keyword.builtin.ClickKeyword.execute(ClickKeyword.groovy:40)&#xa;	at com.kms.katalon.core.keyword.internal.KeywordExecutor.executeKeywordForPlatform(KeywordExecutor.groovy:74)&#xa;	at com.kms.katalon.core.webui.keyword.WebUiBuiltInKeywords.click(WebUiBuiltInKeywords.groovy:659)&#xa;	at TC005 - Add New Contact.run(TC005 - Add New Contact:42)&#xa;	at com.kms.katalon.core.main.ScriptEngine.run(ScriptEngine.java:194)&#xa;	at com.kms.katalon.core.main.ScriptEngine.runScriptAsRawText(ScriptEngine.java:119)&#xa;	at com.kms.katalon.core.main.TestCaseExecutor.runScript(TestCaseExecutor.java:448)&#xa;	at com.kms.katalon.core.main.TestCaseExecutor.doExecute(TestCaseExecutor.java:439)&#xa;	at com.kms.katalon.core.main.TestCaseExecutor.processExecutionPhase(TestCaseExecutor.java:418)&#xa;	at com.kms.katalon.core.main.TestCaseExecutor.accessMainPhase(TestCaseExecutor.java:410)&#xa;	at com.kms.katalon.core.main.TestCaseExecutor.execute(TestCaseExecutor.java:285)&#xa;	at com.kms.katalon.core.common.CommonExecutor.accessTestCaseMainPhase(CommonExecutor.java:65)&#xa;	at com.kms.katalon.core.main.TestSuiteExecutor.accessTestSuiteMainPhase(TestSuiteExecutor.java:148)&#xa;	at com.kms.katalon.core.main.TestSuiteExecutor.execute(TestSuiteExecutor.java:106)&#xa;	at com.kms.katalon.core.main.TestCaseMain.startTestSuite(TestCaseMain.java:180)&#xa;	at TempTestSuite1710830738388.run(TempTestSuite1710830738388.groovy:35)&#xa;	at java.base/jdk.internal.reflect.NativeMethodAccessorImpl.invoke0(Native Method)&#xa;	at java.base/jdk.internal.reflect.NativeMethodAccessorImpl.invoke(NativeMethodAccessorImpl.java:77)&#xa;	at java.base/jdk.internal.reflect.DelegatingMethodAccessorImpl.invoke(DelegatingMethodAccessorImpl.java:43)&#xa;Caused by: org.openqa.selenium.ElementNotInteractableException: element not interactable&#xa;  (Session info: chrome=122.0.6261.129)&#xa;Build info: version: '3.141.59', revision: 'e82be7d358', time: '2018-11-14T08:25:53'&#xa;System info: host: 'LAPTOP-CABQET3K', ip: '192.168.43.203', os.name: 'Windows 11', os.arch: 'amd64', os.version: '10.0', java.version: '17.0.7'&#xa;Driver info: com.kms.katalon.selenium.driver.CChromeDriver&#xa;Capabilities {acceptInsecureCerts: false, browserName: chrome, browserVersion: 122.0.6261.129, chrome: {chromedriverVersion: 122.0.6261.57 (87957e464700..., userDataDir: C:\Users\Edy\AppData\Local\...}, fedcm:accounts: true, goog:chromeOptions: {debuggerAddress: localhost:62323}, javascriptEnabled: true, networkConnectionEnabled: false, pageLoadStrategy: normal, platform: WINDOWS, platformName: WINDOWS, proxy: Proxy(), setWindowRect: true, strictFileInteractability: false, timeouts: {implicit: 0, pageLoad: 300000, script: 30000}, unhandledPromptBehavior: dismiss and notify, webauthn:extension:credBlob: true, webauthn:extension:largeBlob: true, webauthn:extension:minPinLength: true, webauthn:extension:prf: true, webauthn:virtualAuthenticators: true}&#xa;Session ID: ca264a1fb164dd4598a645586feddf55&#xa;	at java.base/jdk.internal.reflect.NativeConstructorAccessorImpl.newInstance0(Native Method)&#xa;	at java.base/jdk.internal.reflect.NativeConstructorAccessorImpl.newInstance(NativeConstructorAccessorImpl.java:77)&#xa;	at java.base/jdk.internal.reflect.DelegatingConstructorAccessorImpl.newInstance(DelegatingConstructorAccessorImpl.java:45)&#xa;	at org.openqa.selenium.remote.http.W3CHttpResponseCodec.createException(W3CHttpResponseCodec.java:187)&#xa;	at org.openqa.selenium.remote.http.W3CHttpResponseCodec.decode(W3CHttpResponseCodec.java:122)&#xa;	at org.openqa.selenium.remote.http.W3CHttpResponseCodec.decode(W3CHttpResponseCodec.java:49)&#xa;	at org.openqa.selenium.remote.HttpCommandExecutor.execute(HttpCommandExecutor.java:158)&#xa;	at org.openqa.selenium.remote.service.DriverCommandExecutor.execute(DriverCommandExecutor.java:83)&#xa;	at org.openqa.selenium.remote.RemoteWebDriver.execute(RemoteWebDriver.java:552)&#xa;	at com.kms.katalon.selenium.driver.CChromeDriver.execute(CChromeDriver.java:19)&#xa;	at org.openqa.selenium.remote.RemoteWebElement.execute(RemoteWebElement.java:285)&#xa;	at org.openqa.selenium.remote.RemoteWebElement.click(RemoteWebElement.java:84)&#xa;	at java.base/jdk.internal.reflect.NativeMethodAccessorImpl.invoke0(Native Method)&#xa;	at java.base/jdk.internal.reflect.NativeMethodAccessorImpl.invoke(NativeMethodAccessorImpl.java:77)&#xa;	at java.base/jdk.internal.reflect.DelegatingMethodAccessorImpl.invoke(DelegatingMethodAccessorImpl.java:43)&#xa;	at org.openqa.selenium.support.events.EventFiringWebDriver$EventFiringWebElement.lambda$new$0(EventFiringWebDriver.java:404)&#xa;	at jdk.proxy2/jdk.proxy2.$Proxy24.click(Unknown Source)&#xa;	at org.openqa.selenium.support.events.EventFiringWebDriver$EventFiringWebElement.click(EventFiringWebDriver.java:417)&#xa;	at org.openqa.selenium.WebElement$click.call(Unknown Source)&#xa;	at com.kms.katalon.core.webui.keyword.builtin.ClickKeyword.clickUntilSuccessWithTimeout(ClickKeyword.groovy:81)&#xa;	at com.kms.katalon.core.webui.keyword.builtin.ClickKeyword.clickUntilSuccessWithTimeout(ClickKeyword.groovy)&#xa;	at java.base/jdk.internal.reflect.NativeMethodAccessorImpl.invoke0(Native Method)&#xa;	at java.base/jdk.internal.reflect.NativeMethodAccessorImpl.invoke(NativeMethodAccessorImpl.java:77)&#xa;	at java.base/jdk.internal.reflect.DelegatingMethodAccessorImpl.invoke(DelegatingMethodAccessorImpl.java:43)&#xa;	at com.kms.katalon.core.webui.keyword.builtin.ClickKeyword$_click_closure1.doCall(ClickKeyword.groovy:67)&#xa;	at com.kms.katalon.core.webui.keyword.builtin.ClickKeyword$_click_closure1.call(ClickKeyword.groovy)&#xa;	at com.kms.katalon.core.webui.keyword.internal.WebUIKeywordMain.runKeyword(WebUIKeywordMain.groovy:20)&#xa;	... 20 more&#xa;"/>
         <system-out><![CDATA[19-03-2024T13:52:07 - [TEST_CASE][FAILED] - Test Cases/Search/TC005 - Add New Contact: Test Cases/Search/TC005 - Add New Contact FAILED.
Reason:
com.kms.katalon.core.exception.StepFailedException: Unable to click on object 'Object Repository/Add Contact/Page_Cogmento CRM/span_Add BukaLapak'
	at com.kms.katalon.core.webui.keyword.internal.WebUIKeywordMain.stepFailed(WebUIKeywordMain.groovy:64)
	at com.kms.katalon.core.webui.keyword.internal.WebUIKeywordMain.runKeyword(WebUIKeywordMain.groovy:26)
	at com.kms.katalon.core.webui.keyword.builtin.ClickKeyword.click(ClickKeyword.groovy:74)
	at com.kms.katalon.core.webui.keyword.builtin.ClickKeyword.execute(ClickKeyword.groovy:40)
	at com.kms.katalon.core.keyword.internal.KeywordExecutor.executeKeywordForPlatform(KeywordExecutor.groovy:74)
	at com.kms.katalon.core.webui.keyword.WebUiBuiltInKeywords.click(WebUiBuiltInKeywords.groovy:659)
	at TC005 - Add New Contact.run(TC005 - Add New Contact:42)
	at com.kms.katalon.core.main.ScriptEngine.run(ScriptEngine.java:194)
	at com.kms.katalon.core.main.ScriptEngine.runScriptAsRawText(ScriptEngine.java:119)
	at com.kms.katalon.core.main.TestCaseExecutor.runScript(TestCaseExecutor.java:448)
	at com.kms.katalon.core.main.TestCaseExecutor.doExecute(TestCaseExecutor.java:439)
	at com.kms.katalon.core.main.TestCaseExecutor.processExecutionPhase(TestCaseExecutor.java:418)
	at com.kms.katalon.core.main.TestCaseExecutor.accessMainPhase(TestCaseExecutor.java:410)
	at com.kms.katalon.core.main.TestCaseExecutor.execute(TestCaseExecutor.java:285)
	at com.kms.katalon.core.common.CommonExecutor.accessTestCaseMainPhase(CommonExecutor.java:65)
	at com.kms.katalon.core.main.TestSuiteExecutor.accessTestSuiteMainPhase(TestSuiteExecutor.java:148)
	at com.kms.katalon.core.main.TestSuiteExecutor.execute(TestSuiteExecutor.java:106)
	at com.kms.katalon.core.main.TestCaseMain.startTestSuite(TestCaseMain.java:180)
	at TempTestSuite1710830738388.run(TempTestSuite1710830738388.groovy:35)
	at java.base/jdk.internal.reflect.NativeMethodAccessorImpl.invoke0(Native Method)
	at java.base/jdk.internal.reflect.NativeMethodAccessorImpl.invoke(NativeMethodAccessorImpl.java:77)
	at java.base/jdk.internal.reflect.DelegatingMethodAccessorImpl.invoke(DelegatingMethodAccessorImpl.java:43)
Caused by: org.openqa.selenium.ElementNotInteractableException: element not interactable
  (Session info: chrome=122.0.6261.129)
Build info: version: '3.141.59', revision: 'e82be7d358', time: '2018-11-14T08:25:53'
System info: host: 'LAPTOP-CABQET3K', ip: '192.168.43.203', os.name: 'Windows 11', os.arch: 'amd64', os.version: '10.0', java.version: '17.0.7'
Driver info: com.kms.katalon.selenium.driver.CChromeDriver
Capabilities {acceptInsecureCerts: false, browserName: chrome, browserVersion: 122.0.6261.129, chrome: {chromedriverVersion: 122.0.6261.57 (87957e464700..., userDataDir: C:\Users\Edy\AppData\Local\...}, fedcm:accounts: true, goog:chromeOptions: {debuggerAddress: localhost:62323}, javascriptEnabled: true, networkConnectionEnabled: false, pageLoadStrategy: normal, platform: WINDOWS, platformName: WINDOWS, proxy: Proxy(), setWindowRect: true, strictFileInteractability: false, timeouts: {implicit: 0, pageLoad: 300000, script: 30000}, unhandledPromptBehavior: dismiss and notify, webauthn:extension:credBlob: true, webauthn:extension:largeBlob: true, webauthn:extension:minPinLength: true, webauthn:extension:prf: true, webauthn:virtualAuthenticators: true}
Session ID: ca264a1fb164dd4598a645586feddf55
	at java.base/jdk.internal.reflect.NativeConstructorAccessorImpl.newInstance0(Native Method)
	at java.base/jdk.internal.reflect.NativeConstructorAccessorImpl.newInstance(NativeConstructorAccessorImpl.java:77)
	at java.base/jdk.internal.reflect.DelegatingConstructorAccessorImpl.newInstance(DelegatingConstructorAccessorImpl.java:45)
	at org.openqa.selenium.remote.http.W3CHttpResponseCodec.createException(W3CHttpResponseCodec.java:187)
	at org.openqa.selenium.remote.http.W3CHttpResponseCodec.decode(W3CHttpResponseCodec.java:122)
	at org.openqa.selenium.remote.http.W3CHttpResponseCodec.decode(W3CHttpResponseCodec.java:49)
	at org.openqa.selenium.remote.HttpCommandExecutor.execute(HttpCommandExecutor.java:158)
	at org.openqa.selenium.remote.service.DriverCommandExecutor.execute(DriverCommandExecutor.java:83)
	at org.openqa.selenium.remote.RemoteWebDriver.execute(RemoteWebDriver.java:552)
	at com.kms.katalon.selenium.driver.CChromeDriver.execute(CChromeDriver.java:19)
	at org.openqa.selenium.remote.RemoteWebElement.execute(RemoteWebElement.java:285)
	at org.openqa.selenium.remote.RemoteWebElement.click(RemoteWebElement.java:84)
	at java.base/jdk.internal.reflect.NativeMethodAccessorImpl.invoke0(Native Method)
	at java.base/jdk.internal.reflect.NativeMethodAccessorImpl.invoke(NativeMethodAccessorImpl.java:77)
	at java.base/jdk.internal.reflect.DelegatingMethodAccessorImpl.invoke(DelegatingMethodAccessorImpl.java:43)
	at org.openqa.selenium.support.events.EventFiringWebDriver$EventFiringWebElement.lambda$new$0(EventFiringWebDriver.java:404)
	at jdk.proxy2/jdk.proxy2.$Proxy24.click(Unknown Source)
	at org.openqa.selenium.support.events.EventFiringWebDriver$EventFiringWebElement.click(EventFiringWebDriver.java:417)
	at org.openqa.selenium.WebElement$click.call(Unknown Source)
	at com.kms.katalon.core.webui.keyword.builtin.ClickKeyword.clickUntilSuccessWithTimeout(ClickKeyword.groovy:81)
	at com.kms.katalon.core.webui.keyword.builtin.ClickKeyword.clickUntilSuccessWithTimeout(ClickKeyword.groovy)
	at java.base/jdk.internal.reflect.NativeMethodAccessorImpl.invoke0(Native Method)
	at java.base/jdk.internal.reflect.NativeMethodAccessorImpl.invoke(NativeMethodAccessorImpl.java:77)
	at java.base/jdk.internal.reflect.DelegatingMethodAccessorImpl.invoke(DelegatingMethodAccessorImpl.java:43)
	at com.kms.katalon.core.webui.keyword.builtin.ClickKeyword$_click_closure1.doCall(ClickKeyword.groovy:67)
	at com.kms.katalon.core.webui.keyword.builtin.ClickKeyword$_click_closure1.call(ClickKeyword.groovy)
	at com.kms.katalon.core.webui.keyword.internal.WebUIKeywordMain.runKeyword(WebUIKeywordMain.groovy:20)
	... 20 more


19-03-2024T13:52:08 - [TEST_STEP][PASSED] - openBrowser(""): Browser is opened with url: ''

19-03-2024T13:52:08 - [MESSAGE][INFO] - Starting 'Chrome' driver

19-03-2024T13:52:08 - [MESSAGE][INFO] - Action delay is set to 0 milliseconds

19-03-2024T13:52:18 - [MESSAGE][PASSED] - Browser is opened with url: ''

19-03-2024T13:52:18 - [TEST_STEP][PASSED] - navigateToUrl("https://ui.cogmento.com/"): Navigate to 'https://ui.cogmento.com/' successfully

19-03-2024T13:52:28 - [MESSAGE][PASSED] - Navigate to 'https://ui.cogmento.com/' successfully

19-03-2024T13:52:28 - [TEST_STEP][PASSED] - setText(findTestObject("Object Repository/Add Contact/Page_Cogmento CRM/input_Login_email"), "frutaman21@gmail.com"): Text 'frutaman21@gmail.com' is set on object 'Object Repository/Add Contact/Page_Cogmento CRM/input_Login_email'

19-03-2024T13:52:30 - [MESSAGE][PASSED] - Text 'frutaman21@gmail.com' is set on object 'Object Repository/Add Contact/Page_Cogmento CRM/input_Login_email'

19-03-2024T13:52:30 - [TEST_STEP][PASSED] - setEncryptedText(findTestObject("Object Repository/Add Contact/Page_Cogmento CRM/input_Login_password"), "A7XJPV0S6sHhhsKzpg571w=="): Text ****** has been set on object 'Object Repository/Add Contact/Page_Cogmento CRM/input_Login_password'

19-03-2024T13:52:32 - [MESSAGE][PASSED] - Text ****** has been set on object 'Object Repository/Add Contact/Page_Cogmento CRM/input_Login_password'

19-03-2024T13:52:32 - [TEST_STEP][PASSED] - click(findTestObject("Object Repository/Add Contact/Page_Cogmento CRM/div_Login")): Object: 'Object Repository/Add Contact/Page_Cogmento CRM/div_Login' is clicked on

19-03-2024T13:52:33 - [MESSAGE][PASSED] - Object: 'Object Repository/Add Contact/Page_Cogmento CRM/div_Login' is clicked on

19-03-2024T13:52:33 - [TEST_STEP][PASSED] - click(findTestObject("Object Repository/Add Contact/Page_Cogmento CRM/span_Contacts")): Object: 'Object Repository/Add Contact/Page_Cogmento CRM/span_Contacts' is clicked on

19-03-2024T13:52:38 - [MESSAGE][PASSED] - Object: 'Object Repository/Add Contact/Page_Cogmento CRM/span_Contacts' is clicked on

19-03-2024T13:52:38 - [TEST_STEP][PASSED] - click(findTestObject("Object Repository/Add Contact/Page_Cogmento CRM/button_Create")): Object: 'Object Repository/Add Contact/Page_Cogmento CRM/button_Create' is clicked on

19-03-2024T13:52:42 - [MESSAGE][PASSED] - Object: 'Object Repository/Add Contact/Page_Cogmento CRM/button_Create' is clicked on

19-03-2024T13:52:42 - [TEST_STEP][PASSED] - setText(findTestObject("Object Repository/Add Contact/Page_Cogmento CRM/input_First Name_first_name"), "Sydney"): Text 'Sydney' is set on object 'Object Repository/Add Contact/Page_Cogmento CRM/input_First Name_first_name'

19-03-2024T13:52:45 - [MESSAGE][PASSED] - Text 'Sydney' is set on object 'Object Repository/Add Contact/Page_Cogmento CRM/input_First Name_first_name'

19-03-2024T13:52:45 - [TEST_STEP][PASSED] - setText(findTestObject("Object Repository/Add Contact/Page_Cogmento CRM/input_Last Name_last_name"), "Sweeney"): Text 'Sweeney' is set on object 'Object Repository/Add Contact/Page_Cogmento CRM/input_Last Name_last_name'

19-03-2024T13:52:48 - [MESSAGE][PASSED] - Text 'Sweeney' is set on object 'Object Repository/Add Contact/Page_Cogmento CRM/input_Last Name_last_name'

19-03-2024T13:52:48 - [TEST_STEP][PASSED] - setText(findTestObject("Object Repository/Add Contact/Page_Cogmento CRM/input_Company_search"), ""): Text '' is set on object 'Object Repository/Add Contact/Page_Cogmento CRM/input_Company_search'

19-03-2024T13:52:51 - [MESSAGE][PASSED] - Text '' is set on object 'Object Repository/Add Contact/Page_Cogmento CRM/input_Company_search'

19-03-2024T13:52:51 - [TEST_STEP][PASSED] - click(findTestObject("Object Repository/Add Contact/Page_Cogmento CRM/input_Company_search")): Object: 'Object Repository/Add Contact/Page_Cogmento CRM/input_Company_search' is clicked on

19-03-2024T13:52:52 - [MESSAGE][PASSED] - Object: 'Object Repository/Add Contact/Page_Cogmento CRM/input_Company_search' is clicked on

19-03-2024T13:52:52 - [TEST_STEP][FAILED] - click(findTestObject("Object Repository/Add Contact/Page_Cogmento CRM/span_Add BukaLapak")): Unable to click on object 'Object Repository/Add Contact/Page_Cogmento CRM/span_Add BukaLapak' (Root cause: com.kms.katalon.core.exception.StepFailedException: Unable to click on object 'Object Repository/Add Contact/Page_Cogmento CRM/span_Add BukaLapak'
	at com.kms.katalon.core.webui.keyword.internal.WebUIKeywordMain.stepFailed(WebUIKeywordMain.groovy:64)
	at com.kms.katalon.core.webui.keyword.internal.WebUIKeywordMain.runKeyword(WebUIKeywordMain.groovy:26)
	at com.kms.katalon.core.webui.keyword.builtin.ClickKeyword.click(ClickKeyword.groovy:74)
	at com.kms.katalon.core.webui.keyword.builtin.ClickKeyword.execute(ClickKeyword.groovy:40)
	at com.kms.katalon.core.keyword.internal.KeywordExecutor.executeKeywordForPlatform(KeywordExecutor.groovy:74)
	at com.kms.katalon.core.webui.keyword.WebUiBuiltInKeywords.click(WebUiBuiltInKeywords.groovy:659)
	at TC005 - Add New Contact.run(TC005 - Add New Contact:42)
	at com.kms.katalon.core.main.ScriptEngine.run(ScriptEngine.java:194)
	at com.kms.katalon.core.main.ScriptEngine.runScriptAsRawText(ScriptEngine.java:119)
	at com.kms.katalon.core.main.TestCaseExecutor.runScript(TestCaseExecutor.java:448)
	at com.kms.katalon.core.main.TestCaseExecutor.doExecute(TestCaseExecutor.java:439)
	at com.kms.katalon.core.main.TestCaseExecutor.processExecutionPhase(TestCaseExecutor.java:418)
	at com.kms.katalon.core.main.TestCaseExecutor.accessMainPhase(TestCaseExecutor.java:410)
	at com.kms.katalon.core.main.TestCaseExecutor.execute(TestCaseExecutor.java:285)
	at com.kms.katalon.core.common.CommonExecutor.accessTestCaseMainPhase(CommonExecutor.java:65)
	at com.kms.katalon.core.main.TestSuiteExecutor.accessTestSuiteMainPhase(TestSuiteExecutor.java:148)
	at com.kms.katalon.core.main.TestSuiteExecutor.execute(TestSuiteExecutor.java:106)
	at com.kms.katalon.core.main.TestCaseMain.startTestSuite(TestCaseMain.java:180)
	at TempTestSuite1710830738388.run(TempTestSuite1710830738388.groovy:35)
	at java.base/jdk.internal.reflect.NativeMethodAccessorImpl.invoke0(Native Method)
	at java.base/jdk.internal.reflect.NativeMethodAccessorImpl.invoke(NativeMethodAccessorImpl.java:77)
	at java.base/jdk.internal.reflect.DelegatingMethodAccessorImpl.invoke(DelegatingMethodAccessorImpl.java:43)
Caused by: org.openqa.selenium.ElementNotInteractableException: element not interactable
  (Session info: chrome=122.0.6261.129)
Build info: version: '3.141.59', revision: 'e82be7d358', time: '2018-11-14T08:25:53'
System info: host: 'LAPTOP-CABQET3K', ip: '192.168.43.203', os.name: 'Windows 11', os.arch: 'amd64', os.version: '10.0', java.version: '17.0.7'
Driver info: com.kms.katalon.selenium.driver.CChromeDriver
Capabilities {acceptInsecureCerts: false, browserName: chrome, browserVersion: 122.0.6261.129, chrome: {chromedriverVersion: 122.0.6261.57 (87957e464700..., userDataDir: C:\Users\Edy\AppData\Local\...}, fedcm:accounts: true, goog:chromeOptions: {debuggerAddress: localhost:62323}, javascriptEnabled: true, networkConnectionEnabled: false, pageLoadStrategy: normal, platform: WINDOWS, platformName: WINDOWS, proxy: Proxy(), setWindowRect: true, strictFileInteractability: false, timeouts: {implicit: 0, pageLoad: 300000, script: 30000}, unhandledPromptBehavior: dismiss and notify, webauthn:extension:credBlob: true, webauthn:extension:largeBlob: true, webauthn:extension:minPinLength: true, webauthn:extension:prf: true, webauthn:virtualAuthenticators: true}
Session ID: ca264a1fb164dd4598a645586feddf55
	at java.base/jdk.internal.reflect.NativeConstructorAccessorImpl.newInstance0(Native Method)
	at java.base/jdk.internal.reflect.NativeConstructorAccessorImpl.newInstance(NativeConstructorAccessorImpl.java:77)
	at java.base/jdk.internal.reflect.DelegatingConstructorAccessorImpl.newInstance(DelegatingConstructorAccessorImpl.java:45)
	at org.openqa.selenium.remote.http.W3CHttpResponseCodec.createException(W3CHttpResponseCodec.java:187)
	at org.openqa.selenium.remote.http.W3CHttpResponseCodec.decode(W3CHttpResponseCodec.java:122)
	at org.openqa.selenium.remote.http.W3CHttpResponseCodec.decode(W3CHttpResponseCodec.java:49)
	at org.openqa.selenium.remote.HttpCommandExecutor.execute(HttpCommandExecutor.java:158)
	at org.openqa.selenium.remote.service.DriverCommandExecutor.execute(DriverCommandExecutor.java:83)
	at org.openqa.selenium.remote.RemoteWebDriver.execute(RemoteWebDriver.java:552)
	at com.kms.katalon.selenium.driver.CChromeDriver.execute(CChromeDriver.java:19)
	at org.openqa.selenium.remote.RemoteWebElement.execute(RemoteWebElement.java:285)
	at org.openqa.selenium.remote.RemoteWebElement.click(RemoteWebElement.java:84)
	at java.base/jdk.internal.reflect.NativeMethodAccessorImpl.invoke0(Native Method)
	at java.base/jdk.internal.reflect.NativeMethodAccessorImpl.invoke(NativeMethodAccessorImpl.java:77)
	at java.base/jdk.internal.reflect.DelegatingMethodAccessorImpl.invoke(DelegatingMethodAccessorImpl.java:43)
	at org.openqa.selenium.support.events.EventFiringWebDriver$EventFiringWebElement.lambda$new$0(EventFiringWebDriver.java:404)
	at jdk.proxy2/jdk.proxy2.$Proxy24.click(Unknown Source)
	at org.openqa.selenium.support.events.EventFiringWebDriver$EventFiringWebElement.click(EventFiringWebDriver.java:417)
	at org.openqa.selenium.WebElement$click.call(Unknown Source)
	at com.kms.katalon.core.webui.keyword.builtin.ClickKeyword.clickUntilSuccessWithTimeout(ClickKeyword.groovy:81)
	at com.kms.katalon.core.webui.keyword.builtin.ClickKeyword.clickUntilSuccessWithTimeout(ClickKeyword.groovy)
	at java.base/jdk.internal.reflect.NativeMethodAccessorImpl.invoke0(Native Method)
	at java.base/jdk.internal.reflect.NativeMethodAccessorImpl.invoke(NativeMethodAccessorImpl.java:77)
	at java.base/jdk.internal.reflect.DelegatingMethodAccessorImpl.invoke(DelegatingMethodAccessorImpl.java:43)
	at com.kms.katalon.core.webui.keyword.builtin.ClickKeyword$_click_closure1.doCall(ClickKeyword.groovy:67)
	at com.kms.katalon.core.webui.keyword.builtin.ClickKeyword$_click_closure1.call(ClickKeyword.groovy)
	at com.kms.katalon.core.webui.keyword.internal.WebUIKeywordMain.runKeyword(WebUIKeywordMain.groovy:20)
	at com.kms.katalon.core.webui.keyword.builtin.ClickKeyword.click(ClickKeyword.groovy:74)
	at com.kms.katalon.core.webui.keyword.builtin.ClickKeyword.execute(ClickKeyword.groovy:40)
	at com.kms.katalon.core.keyword.internal.KeywordExecutor.executeKeywordForPlatform(KeywordExecutor.groovy:74)
	at com.kms.katalon.core.webui.keyword.WebUiBuiltInKeywords.click(WebUiBuiltInKeywords.groovy:659)
	at Script1710830114072.run(Script1710830114072.groovy:42)
	... 15 more
)

19-03-2024T13:53:24 - [MESSAGE][INFO] - Unable to find the element located by 'By.xpath: //div[@id='main-content']/div/div[2]/form/div[2]/div[2]/div/div/div[2]/div/span'. Please recheck the objects properties to make sure the desired element is located. 

19-03-2024T13:53:24 - [MESSAGE][WARNING] - [SELF-HEALING] Failed to find element with id 'Object Repository/Add Contact/Page_Cogmento CRM/span_Add BukaLapak'. Try using Self-healing.

19-03-2024T13:53:25 - [MESSAGE][INFO] - [SELF-HEALING] Failed Locator: '//div[@id='main-content']/div/div[2]/form/div[2]/div[2]/div/div/div[2]/div/span'.

19-03-2024T13:53:26 - [MESSAGE][INFO] - [SELF-HEALING] Failed Locator: '(.//*[normalize-space(text()) and normalize-space(.)='BukaLapak'])[1]/following::span[1]'.

19-03-2024T13:53:27 - [MESSAGE][INFO] - [SELF-HEALING] Working Locator: '(.//*[normalize-space(text()) and normalize-space(.)='Access'])[1]/preceding::span[1]'.

19-03-2024T13:53:27 - [MESSAGE][ERROR] - [SELF-HEALING] Cannot save screenshot to: C:\Users\Edy\Katalon Studio\CogmentoWeb\Reports\Self-healing, reason: unknown error: unhandled inspector error: {"code":-32000,"message":"Cannot take screenshot with 0 width."}
  (Session info: chrome=122.0.6261.129)
Build info: version: '3.141.59', revision: 'e82be7d358', time: '2018-11-14T08:25:53'
System info: host: 'LAPTOP-CABQET3K', ip: '192.168.43.203', os.name: 'Windows 11', os.arch: 'amd64', os.version: '10.0', java.version: '17.0.7'
Driver info: com.kms.katalon.selenium.driver.CChromeDriver
Capabilities {acceptInsecureCerts: false, browserName: chrome, browserVersion: 122.0.6261.129, chrome: {chromedriverVersion: 122.0.6261.57 (87957e464700..., userDataDir: C:\Users\Edy\AppData\Local\...}, fedcm:accounts: true, goog:chromeOptions: {debuggerAddress: localhost:62323}, javascriptEnabled: true, networkConnectionEnabled: false, pageLoadStrategy: normal, platform: WINDOWS, platformName: WINDOWS, proxy: Proxy(), setWindowRect: true, strictFileInteractability: false, timeouts: {implicit: 0, pageLoad: 300000, script: 30000}, unhandledPromptBehavior: dismiss and notify, webauthn:extension:credBlob: true, webauthn:extension:largeBlob: true, webauthn:extension:minPinLength: true, webauthn:extension:prf: true, webauthn:virtualAuthenticators: true}
Session ID: ca264a1fb164dd4598a645586feddf55.

19-03-2024T13:53:28 - [MESSAGE][ERROR] - [SELF-HEALING] Cannot save screenshot to: C:\Users\Edy\Katalon Studio\CogmentoWeb\Reports\Self-healing, reason: unknown error: unhandled inspector error: {"code":-32000,"message":"Cannot take screenshot with 0 width."}
  (Session info: chrome=122.0.6261.129)
Build info: version: '3.141.59', revision: 'e82be7d358', time: '2018-11-14T08:25:53'
System info: host: 'LAPTOP-CABQET3K', ip: '192.168.43.203', os.name: 'Windows 11', os.arch: 'amd64', os.version: '10.0', java.version: '17.0.7'
Driver info: com.kms.katalon.selenium.driver.CChromeDriver
Capabilities {acceptInsecureCerts: false, browserName: chrome, browserVersion: 122.0.6261.129, chrome: {chromedriverVersion: 122.0.6261.57 (87957e464700..., userDataDir: C:\Users\Edy\AppData\Local\...}, fedcm:accounts: true, goog:chromeOptions: {debuggerAddress: localhost:62323}, javascriptEnabled: true, networkConnectionEnabled: false, pageLoadStrategy: normal, platform: WINDOWS, platformName: WINDOWS, proxy: Proxy(), setWindowRect: true, strictFileInteractability: false, timeouts: {implicit: 0, pageLoad: 300000, script: 30000}, unhandledPromptBehavior: dismiss and notify, webauthn:extension:credBlob: true, webauthn:extension:largeBlob: true, webauthn:extension:minPinLength: true, webauthn:extension:prf: true, webauthn:virtualAuthenticators: true}
Session ID: ca264a1fb164dd4598a645586feddf55.

19-03-2024T13:53:28 - [MESSAGE][ERROR] - [SELF-HEALING] Cannot save screenshot to: C:\Users\Edy\Katalon Studio\CogmentoWeb\Reports\Self-healing, reason: unknown error: unhandled inspector error: {"code":-32000,"message":"Cannot take screenshot with 0 width."}
  (Session info: chrome=122.0.6261.129)
Build info: version: '3.141.59', revision: 'e82be7d358', time: '2018-11-14T08:25:53'
System info: host: 'LAPTOP-CABQET3K', ip: '192.168.43.203', os.name: 'Windows 11', os.arch: 'amd64', os.version: '10.0', java.version: '17.0.7'
Driver info: com.kms.katalon.selenium.driver.CChromeDriver
Capabilities {acceptInsecureCerts: false, browserName: chrome, browserVersion: 122.0.6261.129, chrome: {chromedriverVersion: 122.0.6261.57 (87957e464700..., userDataDir: C:\Users\Edy\AppData\Local\...}, fedcm:accounts: true, goog:chromeOptions: {debuggerAddress: localhost:62323}, javascriptEnabled: true, networkConnectionEnabled: false, pageLoadStrategy: normal, platform: WINDOWS, platformName: WINDOWS, proxy: Proxy(), setWindowRect: true, strictFileInteractability: false, timeouts: {implicit: 0, pageLoad: 300000, script: 30000}, unhandledPromptBehavior: dismiss and notify, webauthn:extension:credBlob: true, webauthn:extension:largeBlob: true, webauthn:extension:minPinLength: true, webauthn:extension:prf: true, webauthn:virtualAuthenticators: true}
Session ID: ca264a1fb164dd4598a645586feddf55.

19-03-2024T13:53:28 - [MESSAGE][WARNING] - [SELF-HEALING] The current locator of test object 'Object Repository/Add Contact/Page_Cogmento CRM/span_Add BukaLapak' was broken. Propose an alternative one: '(.//*[normalize-space(text()) and normalize-space(.)='Access'])[1]/preceding::span[1]'.

19-03-2024T13:53:30 - [MESSAGE][FAILED] - Unable to click on object 'Object Repository/Add Contact/Page_Cogmento CRM/span_Add BukaLapak' (Root cause: com.kms.katalon.core.exception.StepFailedException: Unable to click on object 'Object Repository/Add Contact/Page_Cogmento CRM/span_Add BukaLapak'
	at com.kms.katalon.core.webui.keyword.internal.WebUIKeywordMain.stepFailed(WebUIKeywordMain.groovy:64)
	at com.kms.katalon.core.webui.keyword.internal.WebUIKeywordMain.runKeyword(WebUIKeywordMain.groovy:26)
	at com.kms.katalon.core.webui.keyword.builtin.ClickKeyword.click(ClickKeyword.groovy:74)
	at com.kms.katalon.core.webui.keyword.builtin.ClickKeyword.execute(ClickKeyword.groovy:40)
	at com.kms.katalon.core.keyword.internal.KeywordExecutor.executeKeywordForPlatform(KeywordExecutor.groovy:74)
	at com.kms.katalon.core.webui.keyword.WebUiBuiltInKeywords.click(WebUiBuiltInKeywords.groovy:659)
	at TC005 - Add New Contact.run(TC005 - Add New Contact:42)
	at com.kms.katalon.core.main.ScriptEngine.run(ScriptEngine.java:194)
	at com.kms.katalon.core.main.ScriptEngine.runScriptAsRawText(ScriptEngine.java:119)
	at com.kms.katalon.core.main.TestCaseExecutor.runScript(TestCaseExecutor.java:448)
	at com.kms.katalon.core.main.TestCaseExecutor.doExecute(TestCaseExecutor.java:439)
	at com.kms.katalon.core.main.TestCaseExecutor.processExecutionPhase(TestCaseExecutor.java:418)
	at com.kms.katalon.core.main.TestCaseExecutor.accessMainPhase(TestCaseExecutor.java:410)
	at com.kms.katalon.core.main.TestCaseExecutor.execute(TestCaseExecutor.java:285)
	at com.kms.katalon.core.common.CommonExecutor.accessTestCaseMainPhase(CommonExecutor.java:65)
	at com.kms.katalon.core.main.TestSuiteExecutor.accessTestSuiteMainPhase(TestSuiteExecutor.java:148)
	at com.kms.katalon.core.main.TestSuiteExecutor.execute(TestSuiteExecutor.java:106)
	at com.kms.katalon.core.main.TestCaseMain.startTestSuite(TestCaseMain.java:180)
	at TempTestSuite1710830738388.run(TempTestSuite1710830738388.groovy:35)
	at java.base/jdk.internal.reflect.NativeMethodAccessorImpl.invoke0(Native Method)
	at java.base/jdk.internal.reflect.NativeMethodAccessorImpl.invoke(NativeMethodAccessorImpl.java:77)
	at java.base/jdk.internal.reflect.DelegatingMethodAccessorImpl.invoke(DelegatingMethodAccessorImpl.java:43)
Caused by: org.openqa.selenium.ElementNotInteractableException: element not interactable
  (Session info: chrome=122.0.6261.129)
Build info: version: '3.141.59', revision: 'e82be7d358', time: '2018-11-14T08:25:53'
System info: host: 'LAPTOP-CABQET3K', ip: '192.168.43.203', os.name: 'Windows 11', os.arch: 'amd64', os.version: '10.0', java.version: '17.0.7'
Driver info: com.kms.katalon.selenium.driver.CChromeDriver
Capabilities {acceptInsecureCerts: false, browserName: chrome, browserVersion: 122.0.6261.129, chrome: {chromedriverVersion: 122.0.6261.57 (87957e464700..., userDataDir: C:\Users\Edy\AppData\Local\...}, fedcm:accounts: true, goog:chromeOptions: {debuggerAddress: localhost:62323}, javascriptEnabled: true, networkConnectionEnabled: false, pageLoadStrategy: normal, platform: WINDOWS, platformName: WINDOWS, proxy: Proxy(), setWindowRect: true, strictFileInteractability: false, timeouts: {implicit: 0, pageLoad: 300000, script: 30000}, unhandledPromptBehavior: dismiss and notify, webauthn:extension:credBlob: true, webauthn:extension:largeBlob: true, webauthn:extension:minPinLength: true, webauthn:extension:prf: true, webauthn:virtualAuthenticators: true}
Session ID: ca264a1fb164dd4598a645586feddf55
	at java.base/jdk.internal.reflect.NativeConstructorAccessorImpl.newInstance0(Native Method)
	at java.base/jdk.internal.reflect.NativeConstructorAccessorImpl.newInstance(NativeConstructorAccessorImpl.java:77)
	at java.base/jdk.internal.reflect.DelegatingConstructorAccessorImpl.newInstance(DelegatingConstructorAccessorImpl.java:45)
	at org.openqa.selenium.remote.http.W3CHttpResponseCodec.createException(W3CHttpResponseCodec.java:187)
	at org.openqa.selenium.remote.http.W3CHttpResponseCodec.decode(W3CHttpResponseCodec.java:122)
	at org.openqa.selenium.remote.http.W3CHttpResponseCodec.decode(W3CHttpResponseCodec.java:49)
	at org.openqa.selenium.remote.HttpCommandExecutor.execute(HttpCommandExecutor.java:158)
	at org.openqa.selenium.remote.service.DriverCommandExecutor.execute(DriverCommandExecutor.java:83)
	at org.openqa.selenium.remote.RemoteWebDriver.execute(RemoteWebDriver.java:552)
	at com.kms.katalon.selenium.driver.CChromeDriver.execute(CChromeDriver.java:19)
	at org.openqa.selenium.remote.RemoteWebElement.execute(RemoteWebElement.java:285)
	at org.openqa.selenium.remote.RemoteWebElement.click(RemoteWebElement.java:84)
	at java.base/jdk.internal.reflect.NativeMethodAccessorImpl.invoke0(Native Method)
	at java.base/jdk.internal.reflect.NativeMethodAccessorImpl.invoke(NativeMethodAccessorImpl.java:77)
	at java.base/jdk.internal.reflect.DelegatingMethodAccessorImpl.invoke(DelegatingMethodAccessorImpl.java:43)
	at org.openqa.selenium.support.events.EventFiringWebDriver$EventFiringWebElement.lambda$new$0(EventFiringWebDriver.java:404)
	at jdk.proxy2/jdk.proxy2.$Proxy24.click(Unknown Source)
	at org.openqa.selenium.support.events.EventFiringWebDriver$EventFiringWebElement.click(EventFiringWebDriver.java:417)
	at org.openqa.selenium.WebElement$click.call(Unknown Source)
	at com.kms.katalon.core.webui.keyword.builtin.ClickKeyword.clickUntilSuccessWithTimeout(ClickKeyword.groovy:81)
	at com.kms.katalon.core.webui.keyword.builtin.ClickKeyword.clickUntilSuccessWithTimeout(ClickKeyword.groovy)
	at java.base/jdk.internal.reflect.NativeMethodAccessorImpl.invoke0(Native Method)
	at java.base/jdk.internal.reflect.NativeMethodAccessorImpl.invoke(NativeMethodAccessorImpl.java:77)
	at java.base/jdk.internal.reflect.DelegatingMethodAccessorImpl.invoke(DelegatingMethodAccessorImpl.java:43)
	at com.kms.katalon.core.webui.keyword.builtin.ClickKeyword$_click_closure1.doCall(ClickKeyword.groovy:67)
	at com.kms.katalon.core.webui.keyword.builtin.ClickKeyword$_click_closure1.call(ClickKeyword.groovy)
	at com.kms.katalon.core.webui.keyword.internal.WebUIKeywordMain.runKeyword(WebUIKeywordMain.groovy:20)
	at com.kms.katalon.core.webui.keyword.builtin.ClickKeyword.click(ClickKeyword.groovy:74)
	at com.kms.katalon.core.webui.keyword.builtin.ClickKeyword.execute(ClickKeyword.groovy:40)
	at com.kms.katalon.core.keyword.internal.KeywordExecutor.executeKeywordForPlatform(KeywordExecutor.groovy:74)
	at com.kms.katalon.core.webui.keyword.WebUiBuiltInKeywords.click(WebUiBuiltInKeywords.groovy:659)
	at Script1710830114072.run(Script1710830114072.groovy:42)
	... 15 more
)
[[ATTACHMENT|C:\\Users\\Edy\\Katalon Studio\\CogmentoWeb\\Reports\\20240319_134538\\CogmentoCRMWeb\\Cogmento\\20240319_134538\\1710831208519.png]]]]></system-out>
         <system-err><![CDATA[19-03-2024T13:52:07 - [TEST_CASE][FAILED] - Test Cases/Search/TC005 - Add New Contact: Test Cases/Search/TC005 - Add New Contact FAILED.
Reason:
com.kms.katalon.core.exception.StepFailedException: Unable to click on object 'Object Repository/Add Contact/Page_Cogmento CRM/span_Add BukaLapak'
	at com.kms.katalon.core.webui.keyword.internal.WebUIKeywordMain.stepFailed(WebUIKeywordMain.groovy:64)
	at com.kms.katalon.core.webui.keyword.internal.WebUIKeywordMain.runKeyword(WebUIKeywordMain.groovy:26)
	at com.kms.katalon.core.webui.keyword.builtin.ClickKeyword.click(ClickKeyword.groovy:74)
	at com.kms.katalon.core.webui.keyword.builtin.ClickKeyword.execute(ClickKeyword.groovy:40)
	at com.kms.katalon.core.keyword.internal.KeywordExecutor.executeKeywordForPlatform(KeywordExecutor.groovy:74)
	at com.kms.katalon.core.webui.keyword.WebUiBuiltInKeywords.click(WebUiBuiltInKeywords.groovy:659)
	at TC005 - Add New Contact.run(TC005 - Add New Contact:42)
	at com.kms.katalon.core.main.ScriptEngine.run(ScriptEngine.java:194)
	at com.kms.katalon.core.main.ScriptEngine.runScriptAsRawText(ScriptEngine.java:119)
	at com.kms.katalon.core.main.TestCaseExecutor.runScript(TestCaseExecutor.java:448)
	at com.kms.katalon.core.main.TestCaseExecutor.doExecute(TestCaseExecutor.java:439)
	at com.kms.katalon.core.main.TestCaseExecutor.processExecutionPhase(TestCaseExecutor.java:418)
	at com.kms.katalon.core.main.TestCaseExecutor.accessMainPhase(TestCaseExecutor.java:410)
	at com.kms.katalon.core.main.TestCaseExecutor.execute(TestCaseExecutor.java:285)
	at com.kms.katalon.core.common.CommonExecutor.accessTestCaseMainPhase(CommonExecutor.java:65)
	at com.kms.katalon.core.main.TestSuiteExecutor.accessTestSuiteMainPhase(TestSuiteExecutor.java:148)
	at com.kms.katalon.core.main.TestSuiteExecutor.execute(TestSuiteExecutor.java:106)
	at com.kms.katalon.core.main.TestCaseMain.startTestSuite(TestCaseMain.java:180)
	at TempTestSuite1710830738388.run(TempTestSuite1710830738388.groovy:35)
	at java.base/jdk.internal.reflect.NativeMethodAccessorImpl.invoke0(Native Method)
	at java.base/jdk.internal.reflect.NativeMethodAccessorImpl.invoke(NativeMethodAccessorImpl.java:77)
	at java.base/jdk.internal.reflect.DelegatingMethodAccessorImpl.invoke(DelegatingMethodAccessorImpl.java:43)
Caused by: org.openqa.selenium.ElementNotInteractableException: element not interactable
  (Session info: chrome=122.0.6261.129)
Build info: version: '3.141.59', revision: 'e82be7d358', time: '2018-11-14T08:25:53'
System info: host: 'LAPTOP-CABQET3K', ip: '192.168.43.203', os.name: 'Windows 11', os.arch: 'amd64', os.version: '10.0', java.version: '17.0.7'
Driver info: com.kms.katalon.selenium.driver.CChromeDriver
Capabilities {acceptInsecureCerts: false, browserName: chrome, browserVersion: 122.0.6261.129, chrome: {chromedriverVersion: 122.0.6261.57 (87957e464700..., userDataDir: C:\Users\Edy\AppData\Local\...}, fedcm:accounts: true, goog:chromeOptions: {debuggerAddress: localhost:62323}, javascriptEnabled: true, networkConnectionEnabled: false, pageLoadStrategy: normal, platform: WINDOWS, platformName: WINDOWS, proxy: Proxy(), setWindowRect: true, strictFileInteractability: false, timeouts: {implicit: 0, pageLoad: 300000, script: 30000}, unhandledPromptBehavior: dismiss and notify, webauthn:extension:credBlob: true, webauthn:extension:largeBlob: true, webauthn:extension:minPinLength: true, webauthn:extension:prf: true, webauthn:virtualAuthenticators: true}
Session ID: ca264a1fb164dd4598a645586feddf55
	at java.base/jdk.internal.reflect.NativeConstructorAccessorImpl.newInstance0(Native Method)
	at java.base/jdk.internal.reflect.NativeConstructorAccessorImpl.newInstance(NativeConstructorAccessorImpl.java:77)
	at java.base/jdk.internal.reflect.DelegatingConstructorAccessorImpl.newInstance(DelegatingConstructorAccessorImpl.java:45)
	at org.openqa.selenium.remote.http.W3CHttpResponseCodec.createException(W3CHttpResponseCodec.java:187)
	at org.openqa.selenium.remote.http.W3CHttpResponseCodec.decode(W3CHttpResponseCodec.java:122)
	at org.openqa.selenium.remote.http.W3CHttpResponseCodec.decode(W3CHttpResponseCodec.java:49)
	at org.openqa.selenium.remote.HttpCommandExecutor.execute(HttpCommandExecutor.java:158)
	at org.openqa.selenium.remote.service.DriverCommandExecutor.execute(DriverCommandExecutor.java:83)
	at org.openqa.selenium.remote.RemoteWebDriver.execute(RemoteWebDriver.java:552)
	at com.kms.katalon.selenium.driver.CChromeDriver.execute(CChromeDriver.java:19)
	at org.openqa.selenium.remote.RemoteWebElement.execute(RemoteWebElement.java:285)
	at org.openqa.selenium.remote.RemoteWebElement.click(RemoteWebElement.java:84)
	at java.base/jdk.internal.reflect.NativeMethodAccessorImpl.invoke0(Native Method)
	at java.base/jdk.internal.reflect.NativeMethodAccessorImpl.invoke(NativeMethodAccessorImpl.java:77)
	at java.base/jdk.internal.reflect.DelegatingMethodAccessorImpl.invoke(DelegatingMethodAccessorImpl.java:43)
	at org.openqa.selenium.support.events.EventFiringWebDriver$EventFiringWebElement.lambda$new$0(EventFiringWebDriver.java:404)
	at jdk.proxy2/jdk.proxy2.$Proxy24.click(Unknown Source)
	at org.openqa.selenium.support.events.EventFiringWebDriver$EventFiringWebElement.click(EventFiringWebDriver.java:417)
	at org.openqa.selenium.WebElement$click.call(Unknown Source)
	at com.kms.katalon.core.webui.keyword.builtin.ClickKeyword.clickUntilSuccessWithTimeout(ClickKeyword.groovy:81)
	at com.kms.katalon.core.webui.keyword.builtin.ClickKeyword.clickUntilSuccessWithTimeout(ClickKeyword.groovy)
	at java.base/jdk.internal.reflect.NativeMethodAccessorImpl.invoke0(Native Method)
	at java.base/jdk.internal.reflect.NativeMethodAccessorImpl.invoke(NativeMethodAccessorImpl.java:77)
	at java.base/jdk.internal.reflect.DelegatingMethodAccessorImpl.invoke(DelegatingMethodAccessorImpl.java:43)
	at com.kms.katalon.core.webui.keyword.builtin.ClickKeyword$_click_closure1.doCall(ClickKeyword.groovy:67)
	at com.kms.katalon.core.webui.keyword.builtin.ClickKeyword$_click_closure1.call(ClickKeyword.groovy)
	at com.kms.katalon.core.webui.keyword.internal.WebUIKeywordMain.runKeyword(WebUIKeywordMain.groovy:20)
	... 20 more]]></system-err>
      </testcase>
      <testcase name="Test Cases/Search/TC004 - Edit Contact" time="338.256" classname="Test Cases/Search/TC004 - Edit Contact" status="PASSED">
         <system-out><![CDATA[19-03-2024T13:53:30 - [TEST_CASE][PASSED] - Test Cases/Search/TC004 - Edit Contact: Test Cases/Search/TC004 - Edit Contact

19-03-2024T13:53:31 - [TEST_STEP][PASSED] - openBrowser(""): Browser is opened with url: ''

19-03-2024T13:53:31 - [MESSAGE][WARNING] - A browser is already opened. Closing browser and opening a new one

19-03-2024T13:53:37 - [MESSAGE][INFO] - Starting 'Chrome' driver

19-03-2024T13:53:37 - [MESSAGE][INFO] - Action delay is set to 0 milliseconds

19-03-2024T13:53:47 - [MESSAGE][PASSED] - Browser is opened with url: ''

19-03-2024T13:53:47 - [TEST_STEP][PASSED] - navigateToUrl("https://ui.cogmento.com/"): Navigate to 'https://ui.cogmento.com/' successfully

19-03-2024T13:54:00 - [MESSAGE][PASSED] - Navigate to 'https://ui.cogmento.com/' successfully

19-03-2024T13:54:00 - [TEST_STEP][PASSED] - setText(findTestObject("Object Repository/Dash/Edit Contact/Page_Cogmento CRM/input_Login_email"), "frutaman21@gmail.com"): Text 'frutaman21@gmail.com' is set on object 'Object Repository/Dash/Edit Contact/Page_Cogmento CRM/input_Login_email'

19-03-2024T13:55:01 - [MESSAGE][PASSED] - Text 'frutaman21@gmail.com' is set on object 'Object Repository/Dash/Edit Contact/Page_Cogmento CRM/input_Login_email'

19-03-2024T13:55:01 - [TEST_STEP][PASSED] - setEncryptedText(findTestObject("Object Repository/Dash/Edit Contact/Page_Cogmento CRM/input_Login_password"), "A7XJPV0S6sHhhsKzpg571w=="): Text ****** has been set on object 'Object Repository/Dash/Edit Contact/Page_Cogmento CRM/input_Login_password'

19-03-2024T13:55:31 - [MESSAGE][PASSED] - Text ****** has been set on object 'Object Repository/Dash/Edit Contact/Page_Cogmento CRM/input_Login_password'

19-03-2024T13:55:31 - [TEST_STEP][PASSED] - click(findTestObject("Object Repository/Dash/Edit Contact/Page_Cogmento CRM/div_Login")): Object: 'Object Repository/Dash/Edit Contact/Page_Cogmento CRM/div_Login' is clicked on

19-03-2024T13:56:02 - [MESSAGE][PASSED] - Object: 'Object Repository/Dash/Edit Contact/Page_Cogmento CRM/div_Login' is clicked on

19-03-2024T13:56:02 - [TEST_STEP][PASSED] - click(findTestObject("Object Repository/Dash/Edit Contact/Page_Cogmento CRM/span_Contacts")): Object: 'Object Repository/Dash/Edit Contact/Page_Cogmento CRM/span_Contacts' is clicked on

19-03-2024T13:56:32 - [MESSAGE][PASSED] - Object: 'Object Repository/Dash/Edit Contact/Page_Cogmento CRM/span_Contacts' is clicked on

19-03-2024T13:56:32 - [TEST_STEP][PASSED] - click(findTestObject("Object Repository/Dash/Edit Contact/Page_Cogmento CRM/i_Active_edit icon")): Object: 'Object Repository/Dash/Edit Contact/Page_Cogmento CRM/i_Active_edit icon' is clicked on

19-03-2024T13:57:04 - [MESSAGE][PASSED] - Object: 'Object Repository/Dash/Edit Contact/Page_Cogmento CRM/i_Active_edit icon' is clicked on

19-03-2024T13:57:04 - [TEST_STEP][PASSED] - setText(findTestObject("Object Repository/Dash/Edit Contact/Page_Cogmento CRM/input_Department_department"), "Marketing"): Text 'Marketing' is set on object 'Object Repository/Dash/Edit Contact/Page_Cogmento CRM/input_Department_department'

19-03-2024T13:58:06 - [MESSAGE][PASSED] - Text 'Marketing' is set on object 'Object Repository/Dash/Edit Contact/Page_Cogmento CRM/input_Department_department'

19-03-2024T13:58:06 - [TEST_STEP][PASSED] - click(findTestObject("Object Repository/Dash/Edit Contact/Page_Cogmento CRM/button_Save")): Object: 'Object Repository/Dash/Edit Contact/Page_Cogmento CRM/button_Save' is clicked on

19-03-2024T13:58:37 - [MESSAGE][PASSED] - Object: 'Object Repository/Dash/Edit Contact/Page_Cogmento CRM/button_Save' is clicked on

19-03-2024T13:58:37 - [TEST_STEP][PASSED] - takeScreenshot(): Taking screenshot successfully

19-03-2024T13:59:07 - [MESSAGE][PASSED] - Taking screenshot successfully
[[ATTACHMENT|C:\\Users\\Edy\\Katalon Studio\\CogmentoWeb\\Reports\\20240319_134538\\CogmentoCRMWeb\\Cogmento\\20240319_134538\\1710831547333.png]]

19-03-2024T13:59:07 - [TEST_STEP][PASSED] - closeBrowser(): Browser is closed

19-03-2024T13:59:08 - [MESSAGE][PASSED] - Browser is closed]]></system-out>
         <system-err><![CDATA[]]></system-err>
      </testcase>
      <testcase name="Test Cases/Search/TC003 - Contact Search" time="319.866" classname="Test Cases/Search/TC003 - Contact Search" status="PASSED">
         <system-out><![CDATA[19-03-2024T13:59:08 - [TEST_CASE][PASSED] - Test Cases/Search/TC003 - Contact Search: Test Cases/Search/TC003 - Contact Search

19-03-2024T13:59:09 - [TEST_STEP][PASSED] - openBrowser(""): Browser is opened with url: ''

19-03-2024T13:59:09 - [MESSAGE][INFO] - Starting 'Chrome' driver

19-03-2024T13:59:09 - [MESSAGE][INFO] - Action delay is set to 0 milliseconds

19-03-2024T13:59:12 - [MESSAGE][PASSED] - Browser is opened with url: ''

19-03-2024T13:59:12 - [TEST_STEP][PASSED] - navigateToUrl("https://ui.cogmento.com/"): Navigate to 'https://ui.cogmento.com/' successfully

19-03-2024T13:59:22 - [MESSAGE][PASSED] - Navigate to 'https://ui.cogmento.com/' successfully

19-03-2024T13:59:22 - [TEST_STEP][PASSED] - setText(findTestObject("Object Repository/Login/Page_Cogmento CRM/input_Login_email"), "frutaman21@gmail.com"): Text 'frutaman21@gmail.com' is set on object 'Object Repository/Login/Page_Cogmento CRM/input_Login_email'

19-03-2024T14:00:23 - [MESSAGE][PASSED] - Text 'frutaman21@gmail.com' is set on object 'Object Repository/Login/Page_Cogmento CRM/input_Login_email'

19-03-2024T14:00:23 - [TEST_STEP][PASSED] - setEncryptedText(findTestObject("Object Repository/Login/Page_Cogmento CRM/input_Login_password"), "A7XJPV0S6sHhhsKzpg571w=="): Text ****** has been set on object 'Object Repository/Login/Page_Cogmento CRM/input_Login_password'

19-03-2024T14:00:54 - [MESSAGE][PASSED] - Text ****** has been set on object 'Object Repository/Login/Page_Cogmento CRM/input_Login_password'

19-03-2024T14:00:54 - [TEST_STEP][PASSED] - click(findTestObject("Object Repository/Login/Page_Cogmento CRM/div_Login")): Object: 'Object Repository/Login/Page_Cogmento CRM/div_Login' is clicked on

19-03-2024T14:01:24 - [MESSAGE][PASSED] - Object: 'Object Repository/Login/Page_Cogmento CRM/div_Login' is clicked on

19-03-2024T14:01:24 - [TEST_STEP][PASSED] - setText(findTestObject("Dash/Page_Cogmento CRM/input_text"), "farhan"): Text 'farhan' is set on object 'Object Repository/Dash/Page_Cogmento CRM/input_text'

19-03-2024T14:02:25 - [MESSAGE][PASSED] - Text 'farhan' is set on object 'Object Repository/Dash/Page_Cogmento CRM/input_text'

19-03-2024T14:02:25 - [TEST_STEP][PASSED] - sendKeys(findTestObject("Dash/Page_Cogmento CRM/input_text"), Keys.chord(ENTER)): Keys 'ENTER + ' sent to object: 'Object Repository/Dash/Page_Cogmento CRM/input_text'

19-03-2024T14:02:56 - [MESSAGE][PASSED] - Keys 'ENTER + ' sent to object: 'Object Repository/Dash/Page_Cogmento CRM/input_text'

19-03-2024T14:02:56 - [TEST_STEP][PASSED] - click(findTestObject("Dash/Page_Cogmento CRM/a_Farhan Ananda Windi")): Object: 'Object Repository/Dash/Page_Cogmento CRM/a_Farhan Ananda Windi' is clicked on

19-03-2024T14:03:26 - [MESSAGE][PASSED] - Object: 'Object Repository/Dash/Page_Cogmento CRM/a_Farhan Ananda Windi' is clicked on

19-03-2024T14:03:26 - [TEST_STEP][PASSED] - verifyElementText(findTestObject("Dash/Page_Cogmento CRM/span_Farhan Windi"), "Farhan Windi"): Actual text and expected text of test object 'Object Repository/Dash/Page_Cogmento CRM/span_Farhan Windi' are matched.

19-03-2024T14:03:57 - [MESSAGE][PASSED] - Actual text and expected text of test object 'Object Repository/Dash/Page_Cogmento CRM/span_Farhan Windi' are matched.

19-03-2024T14:03:57 - [TEST_STEP][PASSED] - takeScreenshot(): Taking screenshot successfully

19-03-2024T14:04:27 - [MESSAGE][PASSED] - Taking screenshot successfully
[[ATTACHMENT|C:\\Users\\Edy\\Katalon Studio\\CogmentoWeb\\Reports\\20240319_134538\\CogmentoCRMWeb\\Cogmento\\20240319_134538\\1710831867130.png]]

19-03-2024T14:04:27 - [TEST_STEP][PASSED] - closeBrowser(): Browser is closed

19-03-2024T14:04:28 - [MESSAGE][PASSED] - Browser is closed]]></system-out>
         <system-err><![CDATA[]]></system-err>
      </testcase>
      <system-out><![CDATA[19-03-2024T13:45:53 - [TEST_SUITE][FAILED] - Cogmento: Test Cases/Search/TC005 - Add New Contact FAILED.
Reason:
com.kms.katalon.core.exception.StepFailedException: Unable to click on object 'Object Repository/Add Contact/Page_Cogmento CRM/span_Add BukaLapak'
	at com.kms.katalon.core.webui.keyword.internal.WebUIKeywordMain.stepFailed(WebUIKeywordMain.groovy:64)
	at com.kms.katalon.core.webui.keyword.internal.WebUIKeywordMain.runKeyword(WebUIKeywordMain.groovy:26)
	at com.kms.katalon.core.webui.keyword.builtin.ClickKeyword.click(ClickKeyword.groovy:74)
	at com.kms.katalon.core.webui.keyword.builtin.ClickKeyword.execute(ClickKeyword.groovy:40)
	at com.kms.katalon.core.keyword.internal.KeywordExecutor.executeKeywordForPlatform(KeywordExecutor.groovy:74)
	at com.kms.katalon.core.webui.keyword.WebUiBuiltInKeywords.click(WebUiBuiltInKeywords.groovy:659)
	at TC005 - Add New Contact.run(TC005 - Add New Contact:42)
	at com.kms.katalon.core.main.ScriptEngine.run(ScriptEngine.java:194)
	at com.kms.katalon.core.main.ScriptEngine.runScriptAsRawText(ScriptEngine.java:119)
	at com.kms.katalon.core.main.TestCaseExecutor.runScript(TestCaseExecutor.java:448)
	at com.kms.katalon.core.main.TestCaseExecutor.doExecute(TestCaseExecutor.java:439)
	at com.kms.katalon.core.main.TestCaseExecutor.processExecutionPhase(TestCaseExecutor.java:418)
	at com.kms.katalon.core.main.TestCaseExecutor.accessMainPhase(TestCaseExecutor.java:410)
	at com.kms.katalon.core.main.TestCaseExecutor.execute(TestCaseExecutor.java:285)
	at com.kms.katalon.core.common.CommonExecutor.accessTestCaseMainPhase(CommonExecutor.java:65)
	at com.kms.katalon.core.main.TestSuiteExecutor.accessTestSuiteMainPhase(TestSuiteExecutor.java:148)
	at com.kms.katalon.core.main.TestSuiteExecutor.execute(TestSuiteExecutor.java:106)
	at com.kms.katalon.core.main.TestCaseMain.startTestSuite(TestCaseMain.java:180)
	at TempTestSuite1710830738388.run(TempTestSuite1710830738388.groovy:35)
	at java.base/jdk.internal.reflect.NativeMethodAccessorImpl.invoke0(Native Method)
	at java.base/jdk.internal.reflect.NativeMethodAccessorImpl.invoke(NativeMethodAccessorImpl.java:77)
	at java.base/jdk.internal.reflect.DelegatingMethodAccessorImpl.invoke(DelegatingMethodAccessorImpl.java:43)
Caused by: org.openqa.selenium.ElementNotInteractableException: element not interactable
  (Session info: chrome=122.0.6261.129)
Build info: version: '3.141.59', revision: 'e82be7d358', time: '2018-11-14T08:25:53'
System info: host: 'LAPTOP-CABQET3K', ip: '192.168.43.203', os.name: 'Windows 11', os.arch: 'amd64', os.version: '10.0', java.version: '17.0.7'
Driver info: com.kms.katalon.selenium.driver.CChromeDriver
Capabilities {acceptInsecureCerts: false, browserName: chrome, browserVersion: 122.0.6261.129, chrome: {chromedriverVersion: 122.0.6261.57 (87957e464700..., userDataDir: C:\Users\Edy\AppData\Local\...}, fedcm:accounts: true, goog:chromeOptions: {debuggerAddress: localhost:62323}, javascriptEnabled: true, networkConnectionEnabled: false, pageLoadStrategy: normal, platform: WINDOWS, platformName: WINDOWS, proxy: Proxy(), setWindowRect: true, strictFileInteractability: false, timeouts: {implicit: 0, pageLoad: 300000, script: 30000}, unhandledPromptBehavior: dismiss and notify, webauthn:extension:credBlob: true, webauthn:extension:largeBlob: true, webauthn:extension:minPinLength: true, webauthn:extension:prf: true, webauthn:virtualAuthenticators: true}
Session ID: ca264a1fb164dd4598a645586feddf55
	at java.base/jdk.internal.reflect.NativeConstructorAccessorImpl.newInstance0(Native Method)
	at java.base/jdk.internal.reflect.NativeConstructorAccessorImpl.newInstance(NativeConstructorAccessorImpl.java:77)
	at java.base/jdk.internal.reflect.DelegatingConstructorAccessorImpl.newInstance(DelegatingConstructorAccessorImpl.java:45)
	at org.openqa.selenium.remote.http.W3CHttpResponseCodec.createException(W3CHttpResponseCodec.java:187)
	at org.openqa.selenium.remote.http.W3CHttpResponseCodec.decode(W3CHttpResponseCodec.java:122)
	at org.openqa.selenium.remote.http.W3CHttpResponseCodec.decode(W3CHttpResponseCodec.java:49)
	at org.openqa.selenium.remote.HttpCommandExecutor.execute(HttpCommandExecutor.java:158)
	at org.openqa.selenium.remote.service.DriverCommandExecutor.execute(DriverCommandExecutor.java:83)
	at org.openqa.selenium.remote.RemoteWebDriver.execute(RemoteWebDriver.java:552)
	at com.kms.katalon.selenium.driver.CChromeDriver.execute(CChromeDriver.java:19)
	at org.openqa.selenium.remote.RemoteWebElement.execute(RemoteWebElement.java:285)
	at org.openqa.selenium.remote.RemoteWebElement.click(RemoteWebElement.java:84)
	at java.base/jdk.internal.reflect.NativeMethodAccessorImpl.invoke0(Native Method)
	at java.base/jdk.internal.reflect.NativeMethodAccessorImpl.invoke(NativeMethodAccessorImpl.java:77)
	at java.base/jdk.internal.reflect.DelegatingMethodAccessorImpl.invoke(DelegatingMethodAccessorImpl.java:43)
	at org.openqa.selenium.support.events.EventFiringWebDriver$EventFiringWebElement.lambda$new$0(EventFiringWebDriver.java:404)
	at jdk.proxy2/jdk.proxy2.$Proxy24.click(Unknown Source)
	at org.openqa.selenium.support.events.EventFiringWebDriver$EventFiringWebElement.click(EventFiringWebDriver.java:417)
	at org.openqa.selenium.WebElement$click.call(Unknown Source)
	at com.kms.katalon.core.webui.keyword.builtin.ClickKeyword.clickUntilSuccessWithTimeout(ClickKeyword.groovy:81)
	at com.kms.katalon.core.webui.keyword.builtin.ClickKeyword.clickUntilSuccessWithTimeout(ClickKeyword.groovy)
	at java.base/jdk.internal.reflect.NativeMethodAccessorImpl.invoke0(Native Method)
	at java.base/jdk.internal.reflect.NativeMethodAccessorImpl.invoke(NativeMethodAccessorImpl.java:77)
	at java.base/jdk.internal.reflect.DelegatingMethodAccessorImpl.invoke(DelegatingMethodAccessorImpl.java:43)
	at com.kms.katalon.core.webui.keyword.builtin.ClickKeyword$_click_closure1.doCall(ClickKeyword.groovy:67)
	at com.kms.katalon.core.webui.keyword.builtin.ClickKeyword$_click_closure1.call(ClickKeyword.groovy)
	at com.kms.katalon.core.webui.keyword.internal.WebUIKeywordMain.runKeyword(WebUIKeywordMain.groovy:20)
	... 20 more]]></system-out>
      <system-err><![CDATA[19-03-2024T13:45:53 - [TEST_SUITE][FAILED] - Cogmento: Test Cases/Search/TC005 - Add New Contact FAILED.
Reason:
com.kms.katalon.core.exception.StepFailedException: Unable to click on object 'Object Repository/Add Contact/Page_Cogmento CRM/span_Add BukaLapak'
	at com.kms.katalon.core.webui.keyword.internal.WebUIKeywordMain.stepFailed(WebUIKeywordMain.groovy:64)
	at com.kms.katalon.core.webui.keyword.internal.WebUIKeywordMain.runKeyword(WebUIKeywordMain.groovy:26)
	at com.kms.katalon.core.webui.keyword.builtin.ClickKeyword.click(ClickKeyword.groovy:74)
	at com.kms.katalon.core.webui.keyword.builtin.ClickKeyword.execute(ClickKeyword.groovy:40)
	at com.kms.katalon.core.keyword.internal.KeywordExecutor.executeKeywordForPlatform(KeywordExecutor.groovy:74)
	at com.kms.katalon.core.webui.keyword.WebUiBuiltInKeywords.click(WebUiBuiltInKeywords.groovy:659)
	at TC005 - Add New Contact.run(TC005 - Add New Contact:42)
	at com.kms.katalon.core.main.ScriptEngine.run(ScriptEngine.java:194)
	at com.kms.katalon.core.main.ScriptEngine.runScriptAsRawText(ScriptEngine.java:119)
	at com.kms.katalon.core.main.TestCaseExecutor.runScript(TestCaseExecutor.java:448)
	at com.kms.katalon.core.main.TestCaseExecutor.doExecute(TestCaseExecutor.java:439)
	at com.kms.katalon.core.main.TestCaseExecutor.processExecutionPhase(TestCaseExecutor.java:418)
	at com.kms.katalon.core.main.TestCaseExecutor.accessMainPhase(TestCaseExecutor.java:410)
	at com.kms.katalon.core.main.TestCaseExecutor.execute(TestCaseExecutor.java:285)
	at com.kms.katalon.core.common.CommonExecutor.accessTestCaseMainPhase(CommonExecutor.java:65)
	at com.kms.katalon.core.main.TestSuiteExecutor.accessTestSuiteMainPhase(TestSuiteExecutor.java:148)
	at com.kms.katalon.core.main.TestSuiteExecutor.execute(TestSuiteExecutor.java:106)
	at com.kms.katalon.core.main.TestCaseMain.startTestSuite(TestCaseMain.java:180)
	at TempTestSuite1710830738388.run(TempTestSuite1710830738388.groovy:35)
	at java.base/jdk.internal.reflect.NativeMethodAccessorImpl.invoke0(Native Method)
	at java.base/jdk.internal.reflect.NativeMethodAccessorImpl.invoke(NativeMethodAccessorImpl.java:77)
	at java.base/jdk.internal.reflect.DelegatingMethodAccessorImpl.invoke(DelegatingMethodAccessorImpl.java:43)
Caused by: org.openqa.selenium.ElementNotInteractableException: element not interactable
  (Session info: chrome=122.0.6261.129)
Build info: version: '3.141.59', revision: 'e82be7d358', time: '2018-11-14T08:25:53'
System info: host: 'LAPTOP-CABQET3K', ip: '192.168.43.203', os.name: 'Windows 11', os.arch: 'amd64', os.version: '10.0', java.version: '17.0.7'
Driver info: com.kms.katalon.selenium.driver.CChromeDriver
Capabilities {acceptInsecureCerts: false, browserName: chrome, browserVersion: 122.0.6261.129, chrome: {chromedriverVersion: 122.0.6261.57 (87957e464700..., userDataDir: C:\Users\Edy\AppData\Local\...}, fedcm:accounts: true, goog:chromeOptions: {debuggerAddress: localhost:62323}, javascriptEnabled: true, networkConnectionEnabled: false, pageLoadStrategy: normal, platform: WINDOWS, platformName: WINDOWS, proxy: Proxy(), setWindowRect: true, strictFileInteractability: false, timeouts: {implicit: 0, pageLoad: 300000, script: 30000}, unhandledPromptBehavior: dismiss and notify, webauthn:extension:credBlob: true, webauthn:extension:largeBlob: true, webauthn:extension:minPinLength: true, webauthn:extension:prf: true, webauthn:virtualAuthenticators: true}
Session ID: ca264a1fb164dd4598a645586feddf55
	at java.base/jdk.internal.reflect.NativeConstructorAccessorImpl.newInstance0(Native Method)
	at java.base/jdk.internal.reflect.NativeConstructorAccessorImpl.newInstance(NativeConstructorAccessorImpl.java:77)
	at java.base/jdk.internal.reflect.DelegatingConstructorAccessorImpl.newInstance(DelegatingConstructorAccessorImpl.java:45)
	at org.openqa.selenium.remote.http.W3CHttpResponseCodec.createException(W3CHttpResponseCodec.java:187)
	at org.openqa.selenium.remote.http.W3CHttpResponseCodec.decode(W3CHttpResponseCodec.java:122)
	at org.openqa.selenium.remote.http.W3CHttpResponseCodec.decode(W3CHttpResponseCodec.java:49)
	at org.openqa.selenium.remote.HttpCommandExecutor.execute(HttpCommandExecutor.java:158)
	at org.openqa.selenium.remote.service.DriverCommandExecutor.execute(DriverCommandExecutor.java:83)
	at org.openqa.selenium.remote.RemoteWebDriver.execute(RemoteWebDriver.java:552)
	at com.kms.katalon.selenium.driver.CChromeDriver.execute(CChromeDriver.java:19)
	at org.openqa.selenium.remote.RemoteWebElement.execute(RemoteWebElement.java:285)
	at org.openqa.selenium.remote.RemoteWebElement.click(RemoteWebElement.java:84)
	at java.base/jdk.internal.reflect.NativeMethodAccessorImpl.invoke0(Native Method)
	at java.base/jdk.internal.reflect.NativeMethodAccessorImpl.invoke(NativeMethodAccessorImpl.java:77)
	at java.base/jdk.internal.reflect.DelegatingMethodAccessorImpl.invoke(DelegatingMethodAccessorImpl.java:43)
	at org.openqa.selenium.support.events.EventFiringWebDriver$EventFiringWebElement.lambda$new$0(EventFiringWebDriver.java:404)
	at jdk.proxy2/jdk.proxy2.$Proxy24.click(Unknown Source)
	at org.openqa.selenium.support.events.EventFiringWebDriver$EventFiringWebElement.click(EventFiringWebDriver.java:417)
	at org.openqa.selenium.WebElement$click.call(Unknown Source)
	at com.kms.katalon.core.webui.keyword.builtin.ClickKeyword.clickUntilSuccessWithTimeout(ClickKeyword.groovy:81)
	at com.kms.katalon.core.webui.keyword.builtin.ClickKeyword.clickUntilSuccessWithTimeout(ClickKeyword.groovy)
	at java.base/jdk.internal.reflect.NativeMethodAccessorImpl.invoke0(Native Method)
	at java.base/jdk.internal.reflect.NativeMethodAccessorImpl.invoke(NativeMethodAccessorImpl.java:77)
	at java.base/jdk.internal.reflect.DelegatingMethodAccessorImpl.invoke(DelegatingMethodAccessorImpl.java:43)
	at com.kms.katalon.core.webui.keyword.builtin.ClickKeyword$_click_closure1.doCall(ClickKeyword.groovy:67)
	at com.kms.katalon.core.webui.keyword.builtin.ClickKeyword$_click_closure1.call(ClickKeyword.groovy)
	at com.kms.katalon.core.webui.keyword.internal.WebUIKeywordMain.runKeyword(WebUIKeywordMain.groovy:20)
	... 20 more]]></system-err>
   </testsuite>
</testsuites>
